2024-06-26 22:15:34.707 +04:00  INF  Now listening on: https://localhost:7114
2024-06-26 22:15:34.745 +04:00  INF  Now listening on: http://localhost:5279
2024-06-26 22:15:34.751 +04:00  INF  Application started. Press Ctrl+C to shut down.
2024-06-26 22:15:34.752 +04:00  INF  Hosting environment: Development
2024-06-26 22:15:34.752 +04:00  INF  Content root path: C:\Users\ASUS\OneDrive\Рабочий стол\API\API-Layer-Architecture\App\
2024-06-26 22:15:35.170 +04:00  INF  Request starting HTTP/2 GET https://localhost:7114/swagger/index.html - -
2024-06-26 22:15:35.401 +04:00  INF  Request starting HTTP/2 GET https://localhost:7114/_framework/aspnetcore-browser-refresh.js - -
2024-06-26 22:15:35.451 +04:00  INF  Request finished HTTP/2 GET https://localhost:7114/swagger/index.html - - - 200 - text/html;charset=utf-8 266.9921ms
2024-06-26 22:15:35.451 +04:00  INF  Request finished HTTP/2 GET https://localhost:7114/_framework/aspnetcore-browser-refresh.js - - - 200 11976 application/javascript;+charset=utf-8 45.2482ms
2024-06-26 22:15:35.528 +04:00  INF  Request starting HTTP/2 GET https://localhost:7114/_vs/browserLink - -
2024-06-26 22:15:35.564 +04:00  INF  Request finished HTTP/2 GET https://localhost:7114/_vs/browserLink - - - 200 - text/javascript;+charset=UTF-8 36.1402ms
2024-06-26 22:15:35.625 +04:00  INF  Request starting HTTP/2 GET https://localhost:7114/swagger/v1/swagger.json - -
2024-06-26 22:15:35.724 +04:00  INF  Request finished HTTP/2 GET https://localhost:7114/swagger/v1/swagger.json - - - 200 - application/json;charset=utf-8 99.3806ms
2024-06-26 22:15:49.295 +04:00  INF  Request starting HTTP/2 GET https://localhost:7114/api/admin/Country/GetAll - -
2024-06-26 22:15:49.304 +04:00  INF  Executing endpoint 'App.Controllers.Admin.CountryController.GetAll (App)'
2024-06-26 22:15:49.324 +04:00  INF  Route matched with {action = "GetAll", controller = "Country"}. Executing controller action with signature System.Threading.Tasks.Task`1[Microsoft.AspNetCore.Mvc.IActionResult] GetAll() on controller App.Controllers.Admin.CountryController (App).
2024-06-26 22:15:50.281 +04:00  INF  Entity Framework Core 6.0.31 initialized 'AppDbContext' using provider 'Microsoft.EntityFrameworkCore.SqlServer:6.0.31' with options: None
2024-06-26 22:15:50.389 +04:00  INF  country get all is working
2024-06-26 22:15:51.106 +04:00  INF  Executed DbCommand (52ms) [Parameters=[], CommandType='"Text"', CommandTimeout='30']
SELECT [c].[Id], [c].[CreatedDate], [c].[Name], [c].[SoftDelete]
FROM [Countries] AS [c]
2024-06-26 22:15:51.166 +04:00  INF  Executing OkObjectResult, writing value of type 'System.Collections.Generic.List`1[[Services.DTOs.Admin.Countries.CountryDto, Services, Version=1.0.0.0, Culture=neutral, PublicKeyToken=null]]'.
2024-06-26 22:15:51.177 +04:00  INF  Executed action App.Controllers.Admin.CountryController.GetAll (App) in 1846.8439ms
2024-06-26 22:15:51.177 +04:00  INF  Executed endpoint 'App.Controllers.Admin.CountryController.GetAll (App)'
2024-06-26 22:15:51.183 +04:00  INF  Request finished HTTP/2 GET https://localhost:7114/api/admin/Country/GetAll - - - 200 - application/json;+charset=utf-8 1887.3212ms
2024-06-26 22:29:02.306 +04:00  INF  Now listening on: https://localhost:7114
2024-06-26 22:29:02.340 +04:00  INF  Now listening on: http://localhost:5279
2024-06-26 22:29:02.344 +04:00  INF  Application started. Press Ctrl+C to shut down.
2024-06-26 22:29:02.344 +04:00  INF  Hosting environment: Development
2024-06-26 22:29:02.344 +04:00  INF  Content root path: C:\Users\ASUS\OneDrive\Рабочий стол\API\API-Layer-Architecture\App\
2024-06-26 22:29:02.776 +04:00  INF  Request starting HTTP/2 GET https://localhost:7114/swagger/index.html - -
2024-06-26 22:29:03.008 +04:00  INF  Request finished HTTP/2 GET https://localhost:7114/swagger/index.html - - - 200 - text/html;charset=utf-8 235.2708ms
2024-06-26 22:29:03.015 +04:00  INF  Request starting HTTP/2 GET https://localhost:7114/_framework/aspnetcore-browser-refresh.js - -
2024-06-26 22:29:03.015 +04:00  INF  Request starting HTTP/2 GET https://localhost:7114/_vs/browserLink - -
2024-06-26 22:29:03.017 +04:00  INF  Request finished HTTP/2 GET https://localhost:7114/_framework/aspnetcore-browser-refresh.js - - - 200 11976 application/javascript;+charset=utf-8 2.3057ms
2024-06-26 22:29:03.051 +04:00  INF  Request finished HTTP/2 GET https://localhost:7114/_vs/browserLink - - - 200 - text/javascript;+charset=UTF-8 36.5094ms
2024-06-26 22:29:03.172 +04:00  INF  Request starting HTTP/2 GET https://localhost:7114/swagger/v1/swagger.json - -
2024-06-26 22:29:03.277 +04:00  INF  Request finished HTTP/2 GET https://localhost:7114/swagger/v1/swagger.json - - - 200 - application/json;charset=utf-8 104.6501ms
2024-06-26 22:29:53.893 +04:00  INF  Now listening on: https://localhost:7114
2024-06-26 22:29:53.925 +04:00  INF  Now listening on: http://localhost:5279
2024-06-26 22:29:53.930 +04:00  INF  Application started. Press Ctrl+C to shut down.
2024-06-26 22:29:53.930 +04:00  INF  Hosting environment: Development
2024-06-26 22:29:53.930 +04:00  INF  Content root path: C:\Users\ASUS\OneDrive\Рабочий стол\API\API-Layer-Architecture\App\
2024-06-26 22:29:54.510 +04:00  INF  Request starting HTTP/2 GET https://localhost:7114/swagger/index.html - -
2024-06-26 22:29:54.730 +04:00  INF  Request finished HTTP/2 GET https://localhost:7114/swagger/index.html - - - 200 - text/html;charset=utf-8 223.2511ms
2024-06-26 22:29:54.738 +04:00  INF  Request starting HTTP/2 GET https://localhost:7114/_vs/browserLink - -
2024-06-26 22:29:54.738 +04:00  INF  Request starting HTTP/2 GET https://localhost:7114/_framework/aspnetcore-browser-refresh.js - -
2024-06-26 22:29:54.740 +04:00  INF  Request finished HTTP/2 GET https://localhost:7114/_framework/aspnetcore-browser-refresh.js - - - 200 11976 application/javascript;+charset=utf-8 2.4389ms
2024-06-26 22:29:54.774 +04:00  INF  Request finished HTTP/2 GET https://localhost:7114/_vs/browserLink - - - 200 - text/javascript;+charset=UTF-8 36.6158ms
2024-06-26 22:29:54.941 +04:00  INF  Request starting HTTP/2 GET https://localhost:7114/swagger/v1/swagger.json - -
2024-06-26 22:29:55.037 +04:00  INF  Request finished HTTP/2 GET https://localhost:7114/swagger/v1/swagger.json - - - 200 - application/json;charset=utf-8 95.9218ms
2024-06-26 22:31:09.053 +04:00  INF  Now listening on: https://localhost:7114
2024-06-26 22:31:09.084 +04:00  INF  Now listening on: http://localhost:5279
2024-06-26 22:31:09.088 +04:00  INF  Application started. Press Ctrl+C to shut down.
2024-06-26 22:31:09.088 +04:00  INF  Hosting environment: Development
2024-06-26 22:31:09.089 +04:00  INF  Content root path: C:\Users\ASUS\OneDrive\Рабочий стол\API\API-Layer-Architecture\App\
2024-06-26 22:31:09.597 +04:00  INF  Request starting HTTP/2 GET https://localhost:7114/swagger/index.html - -
2024-06-26 22:31:09.823 +04:00  INF  Request finished HTTP/2 GET https://localhost:7114/swagger/index.html - - - 200 - text/html;charset=utf-8 231.1402ms
2024-06-26 22:31:09.831 +04:00  INF  Request starting HTTP/2 GET https://localhost:7114/_vs/browserLink - -
2024-06-26 22:31:09.831 +04:00  INF  Request starting HTTP/2 GET https://localhost:7114/_framework/aspnetcore-browser-refresh.js - -
2024-06-26 22:31:09.834 +04:00  INF  Request finished HTTP/2 GET https://localhost:7114/_framework/aspnetcore-browser-refresh.js - - - 200 11976 application/javascript;+charset=utf-8 3.0493ms
2024-06-26 22:31:09.868 +04:00  INF  Request finished HTTP/2 GET https://localhost:7114/_vs/browserLink - - - 200 - text/javascript;+charset=UTF-8 36.6834ms
2024-06-26 22:31:09.969 +04:00  INF  Request starting HTTP/2 GET https://localhost:7114/swagger/v1/swagger.json - -
2024-06-26 22:31:10.069 +04:00  INF  Request finished HTTP/2 GET https://localhost:7114/swagger/v1/swagger.json - - - 200 - application/json;charset=utf-8 100.0575ms
2024-06-26 23:55:13.180 +04:00  INF  Now listening on: https://localhost:7114
2024-06-26 23:55:13.202 +04:00  INF  Now listening on: http://localhost:5279
2024-06-26 23:55:13.205 +04:00  INF  Application started. Press Ctrl+C to shut down.
2024-06-26 23:55:13.205 +04:00  INF  Hosting environment: Development
2024-06-26 23:55:13.205 +04:00  INF  Content root path: C:\Users\Hp\Desktop\API-Logger-SeriLog\App\
2024-06-26 23:55:13.724 +04:00  INF  Request starting HTTP/2 GET https://localhost:7114/swagger - -
2024-06-26 23:55:13.899 +04:00  INF  Request finished HTTP/2 GET https://localhost:7114/swagger - - - 301 0 - 178.3931ms
2024-06-26 23:55:13.908 +04:00  INF  Request starting HTTP/2 GET https://localhost:7114/swagger/index.html - -
2024-06-26 23:55:13.963 +04:00  INF  Request finished HTTP/2 GET https://localhost:7114/swagger/index.html - - - 200 - text/html;charset=utf-8 54.9158ms
2024-06-26 23:55:13.981 +04:00  INF  Request starting HTTP/2 GET https://localhost:7114/swagger/swagger-ui.css - -
2024-06-26 23:55:13.981 +04:00  INF  Request starting HTTP/2 GET https://localhost:7114/swagger/swagger-ui-bundle.js - -
2024-06-26 23:55:13.982 +04:00  INF  Request starting HTTP/2 GET https://localhost:7114/swagger/swagger-ui-standalone-preset.js - -
2024-06-26 23:55:13.982 +04:00  INF  Request starting HTTP/2 GET https://localhost:7114/_framework/aspnetcore-browser-refresh.js - -
2024-06-26 23:55:13.982 +04:00  INF  Request starting HTTP/2 GET https://localhost:7114/_vs/browserLink - -
2024-06-26 23:55:13.984 +04:00  INF  Request finished HTTP/2 GET https://localhost:7114/_framework/aspnetcore-browser-refresh.js - - - 200 11976 application/javascript;+charset=utf-8 1.8012ms
2024-06-26 23:55:14.004 +04:00  INF  Sending file. Request path: '/swagger-ui.css'. Physical path: 'N/A'
2024-06-26 23:55:14.004 +04:00  INF  Sending file. Request path: '/swagger-ui-standalone-preset.js'. Physical path: 'N/A'
2024-06-26 23:55:14.005 +04:00  INF  Request finished HTTP/2 GET https://localhost:7114/swagger/swagger-ui.css - - - 200 144929 text/css 24.5516ms
2024-06-26 23:55:14.005 +04:00  INF  Request finished HTTP/2 GET https://localhost:7114/swagger/swagger-ui-standalone-preset.js - - - 200 312163 application/javascript 23.6612ms
2024-06-26 23:55:14.006 +04:00  INF  Sending file. Request path: '/swagger-ui-bundle.js'. Physical path: 'N/A'
2024-06-26 23:55:14.006 +04:00  INF  Request finished HTTP/2 GET https://localhost:7114/swagger/swagger-ui-bundle.js - - - 200 1061536 application/javascript 24.9519ms
2024-06-26 23:55:14.042 +04:00  INF  Request finished HTTP/2 GET https://localhost:7114/_vs/browserLink - - - 200 - text/javascript;+charset=UTF-8 59.0680ms
2024-06-26 23:55:14.199 +04:00  INF  Request starting HTTP/2 GET https://localhost:7114/swagger/v1/swagger.json - -
2024-06-26 23:55:14.221 +04:00  INF  Request starting HTTP/2 GET https://localhost:7114/swagger/favicon-32x32.png - -
2024-06-26 23:55:14.222 +04:00  INF  Sending file. Request path: '/favicon-32x32.png'. Physical path: 'N/A'
2024-06-26 23:55:14.222 +04:00  INF  Request finished HTTP/2 GET https://localhost:7114/swagger/favicon-32x32.png - - - 200 628 image/png 0.7540ms
2024-06-26 23:55:14.272 +04:00  INF  Request finished HTTP/2 GET https://localhost:7114/swagger/v1/swagger.json - - - 200 - application/json;charset=utf-8 73.3221ms
2024-06-26 23:57:29.488 +04:00  INF  Now listening on: https://localhost:7114
2024-06-26 23:57:29.512 +04:00  INF  Now listening on: http://localhost:5279
2024-06-26 23:57:29.514 +04:00  INF  Application started. Press Ctrl+C to shut down.
2024-06-26 23:57:29.515 +04:00  INF  Hosting environment: Development
2024-06-26 23:57:29.515 +04:00  INF  Content root path: C:\Users\Hp\Desktop\API-Logger-SeriLog\App\
2024-06-26 23:57:31.196 +04:00  INF  Request starting HTTP/2 GET https://localhost:7114/swagger/index.html - -
2024-06-26 23:57:31.411 +04:00  INF  Request finished HTTP/2 GET https://localhost:7114/swagger/index.html - - - 200 - text/html;charset=utf-8 219.3459ms
2024-06-26 23:57:31.413 +04:00  INF  Request starting HTTP/2 GET https://localhost:7114/_framework/aspnetcore-browser-refresh.js - -
2024-06-26 23:57:31.416 +04:00  INF  Request finished HTTP/2 GET https://localhost:7114/_framework/aspnetcore-browser-refresh.js - - - 200 11976 application/javascript;+charset=utf-8 2.6339ms
2024-06-26 23:57:31.422 +04:00  INF  Request starting HTTP/2 GET https://localhost:7114/_vs/browserLink - -
2024-06-26 23:57:31.450 +04:00  INF  Request finished HTTP/2 GET https://localhost:7114/_vs/browserLink - - - 200 - text/javascript;+charset=UTF-8 28.2547ms
2024-06-26 23:57:31.587 +04:00  INF  Request starting HTTP/2 GET https://localhost:7114/swagger/v1/swagger.json - -
2024-06-26 23:57:31.684 +04:00  INF  Request finished HTTP/2 GET https://localhost:7114/swagger/v1/swagger.json - - - 200 - application/json;charset=utf-8 96.8360ms
2024-06-26 23:58:19.608 +04:00  INF  Now listening on: https://localhost:7114
2024-06-26 23:58:19.628 +04:00  INF  Now listening on: http://localhost:5279
2024-06-26 23:58:19.631 +04:00  INF  Application started. Press Ctrl+C to shut down.
2024-06-26 23:58:19.631 +04:00  INF  Hosting environment: Development
2024-06-26 23:58:19.631 +04:00  INF  Content root path: C:\Users\Hp\Desktop\API-Logger-SeriLog\App\
2024-06-26 23:58:20.186 +04:00  INF  Request starting HTTP/2 GET https://localhost:7114/swagger/index.html - -
2024-06-26 23:58:20.401 +04:00  INF  Request finished HTTP/2 GET https://localhost:7114/swagger/index.html - - - 200 - text/html;charset=utf-8 215.9846ms
2024-06-26 23:58:20.404 +04:00  INF  Request starting HTTP/2 GET https://localhost:7114/_framework/aspnetcore-browser-refresh.js - -
2024-06-26 23:58:20.407 +04:00  INF  Request finished HTTP/2 GET https://localhost:7114/_framework/aspnetcore-browser-refresh.js - - - 200 12006 application/javascript;+charset=utf-8 2.8932ms
2024-06-26 23:58:20.413 +04:00  INF  Request starting HTTP/2 GET https://localhost:7114/_vs/browserLink - -
2024-06-26 23:58:20.457 +04:00  INF  Request finished HTTP/2 GET https://localhost:7114/_vs/browserLink - - - 200 - text/javascript;+charset=UTF-8 43.3418ms
2024-06-26 23:58:20.493 +04:00  INF  Request starting HTTP/2 GET https://localhost:7114/swagger/v1/swagger.json - -
2024-06-26 23:58:20.557 +04:00  INF  Request finished HTTP/2 GET https://localhost:7114/swagger/v1/swagger.json - - - 200 - application/json;charset=utf-8 64.2574ms
2024-06-26 23:58:33.586 +04:00  INF  Request starting HTTP/2 GET https://localhost:7114/api/admin/City/GetAll - -
2024-06-26 23:58:33.596 +04:00  INF  Executing endpoint 'App.Controllers.Admin.CityController.GetAll (AppApiArchitecture)'
2024-06-26 23:58:33.617 +04:00  INF  Route matched with {action = "GetAll", controller = "City"}. Executing controller action with signature System.Threading.Tasks.Task`1[Microsoft.AspNetCore.Mvc.IActionResult] GetAll() on controller App.Controllers.Admin.CityController (AppApiArchitecture).
2024-06-26 23:58:34.303 +04:00  INF  Entity Framework Core 6.0.31 initialized 'AppDbContext' using provider 'Microsoft.EntityFrameworkCore.SqlServer:6.0.31' with options: None
2024-06-26 23:58:34.380 +04:00  INF  Executed action App.Controllers.Admin.CityController.GetAll (AppApiArchitecture) in 758.3703ms
2024-06-26 23:58:34.382 +04:00  INF  Executed endpoint 'App.Controllers.Admin.CityController.GetAll (AppApiArchitecture)'
2024-06-26 23:58:34.383 +04:00  ERR  Object reference not set to an instance of an object.
2024-06-26 23:58:34.389 +04:00  INF  Request finished HTTP/2 GET https://localhost:7114/api/admin/City/GetAll - - - 500 - application/json 803.2589ms
2024-06-26 23:59:25.745 +04:00  INF  Request starting HTTP/2 GET https://localhost:7114/swagger/index.html - -
2024-06-26 23:59:25.748 +04:00  INF  Request finished HTTP/2 GET https://localhost:7114/swagger/index.html - - - 200 - text/html;charset=utf-8 3.4593ms
2024-06-26 23:59:25.763 +04:00  INF  Request starting HTTP/2 GET https://localhost:7114/_vs/browserLink - -
2024-06-26 23:59:25.764 +04:00  INF  Request starting HTTP/2 GET https://localhost:7114/_framework/aspnetcore-browser-refresh.js - -
2024-06-26 23:59:25.764 +04:00  INF  Request finished HTTP/2 GET https://localhost:7114/_framework/aspnetcore-browser-refresh.js - - - 200 12006 application/javascript;+charset=utf-8 0.3778ms
2024-06-26 23:59:25.766 +04:00  INF  Request finished HTTP/2 GET https://localhost:7114/_vs/browserLink - - - 200 - text/javascript;+charset=UTF-8 2.8842ms
2024-06-26 23:59:25.905 +04:00  INF  Request starting HTTP/2 GET https://localhost:7114/swagger/v1/swagger.json - -
2024-06-26 23:59:25.907 +04:00  INF  Request finished HTTP/2 GET https://localhost:7114/swagger/v1/swagger.json - - - 200 - application/json;charset=utf-8 2.5570ms
