2024-06-27 00:00:03.748 +04:00  INF  Now listening on: https://localhost:7114
2024-06-27 00:00:03.769 +04:00  INF  Now listening on: http://localhost:5279
2024-06-27 00:00:03.771 +04:00  INF  Application started. Press Ctrl+C to shut down.
2024-06-27 00:00:03.772 +04:00  INF  Hosting environment: Development
2024-06-27 00:00:03.772 +04:00  INF  Content root path: C:\Users\Hp\Desktop\API-Logger-SeriLog\App\
2024-06-27 00:00:04.107 +04:00  INF  Request starting HTTP/2 GET https://localhost:7114/swagger/index.html - -
2024-06-27 00:00:04.245 +04:00  INF  Request finished HTTP/2 GET https://localhost:7114/swagger/index.html - - - 200 - text/html;charset=utf-8 141.4278ms
2024-06-27 00:00:04.255 +04:00  INF  Request starting HTTP/2 GET https://localhost:7114/_vs/browserLink - -
2024-06-27 00:00:04.255 +04:00  INF  Request starting HTTP/2 GET https://localhost:7114/_framework/aspnetcore-browser-refresh.js - -
2024-06-27 00:00:04.256 +04:00  INF  Request finished HTTP/2 GET https://localhost:7114/_framework/aspnetcore-browser-refresh.js - - - 200 12006 application/javascript;+charset=utf-8 1.7563ms
2024-06-27 00:00:04.282 +04:00  INF  Request finished HTTP/2 GET https://localhost:7114/_vs/browserLink - - - 200 - text/javascript;+charset=UTF-8 27.7542ms
2024-06-27 00:00:04.323 +04:00  INF  Request starting HTTP/2 GET https://localhost:7114/swagger/v1/swagger.json - -
2024-06-27 00:00:04.388 +04:00  INF  Request finished HTTP/2 GET https://localhost:7114/swagger/v1/swagger.json - - - 200 - application/json;charset=utf-8 64.2945ms
2024-06-27 00:00:13.657 +04:00  INF  Request starting HTTP/2 GET https://localhost:7114/api/admin/Country/GetAll - -
2024-06-27 00:00:13.668 +04:00  INF  Executing endpoint 'App.Controllers.Admin.CountryController.GetAll (AppApiArchitecture)'
2024-06-27 00:00:13.680 +04:00  INF  Route matched with {action = "GetAll", controller = "Country"}. Executing controller action with signature System.Threading.Tasks.Task`1[Microsoft.AspNetCore.Mvc.IActionResult] GetAll() on controller App.Controllers.Admin.CountryController (AppApiArchitecture).
2024-06-27 00:00:14.205 +04:00  INF  Entity Framework Core 6.0.31 initialized 'AppDbContext' using provider 'Microsoft.EntityFrameworkCore.SqlServer:6.0.31' with options: None
2024-06-27 00:00:14.750 +04:00  INF  Executed DbCommand (30ms) [Parameters=[], CommandType='"Text"', CommandTimeout='30']
SELECT [c].[Id], [c].[CreatedDate], [c].[Name], [c].[SoftDelete]
FROM [Countries] AS [c]
2024-06-27 00:00:14.787 +04:00  INF  Executing OkObjectResult, writing value of type 'System.Collections.Generic.List`1[[Services.DTOs.Admin.Countries.CountryDto, Services, Version=1.0.0.0, Culture=neutral, PublicKeyToken=null]]'.
2024-06-27 00:00:14.797 +04:00  INF  Executed action App.Controllers.Admin.CountryController.GetAll (AppApiArchitecture) in 1112.8302ms
2024-06-27 00:00:14.797 +04:00  INF  Executed endpoint 'App.Controllers.Admin.CountryController.GetAll (AppApiArchitecture)'
2024-06-27 00:00:14.800 +04:00  INF  Request finished HTTP/2 GET https://localhost:7114/api/admin/Country/GetAll - - - 200 - application/json;+charset=utf-8 1143.3298ms
2024-06-27 00:00:22.695 +04:00  INF  Request starting HTTP/2 GET https://localhost:7114/api/admin/City/GetAll - -
2024-06-27 00:00:22.696 +04:00  INF  Executing endpoint 'App.Controllers.Admin.CityController.GetAll (AppApiArchitecture)'
2024-06-27 00:00:22.699 +04:00  INF  Route matched with {action = "GetAll", controller = "City"}. Executing controller action with signature System.Threading.Tasks.Task`1[Microsoft.AspNetCore.Mvc.IActionResult] GetAll() on controller App.Controllers.Admin.CityController (AppApiArchitecture).
2024-06-27 00:00:22.729 +04:00  INF  Entity Framework Core 6.0.31 initialized 'AppDbContext' using provider 'Microsoft.EntityFrameworkCore.SqlServer:6.0.31' with options: None
2024-06-27 00:00:22.731 +04:00  INF  Executed action App.Controllers.Admin.CityController.GetAll (AppApiArchitecture) in 32.1634ms
2024-06-27 00:00:22.731 +04:00  INF  Executed endpoint 'App.Controllers.Admin.CityController.GetAll (AppApiArchitecture)'
2024-06-27 00:00:22.732 +04:00  ERR  Object reference not set to an instance of an object.
2024-06-27 00:00:22.733 +04:00  INF  Request finished HTTP/2 GET https://localhost:7114/api/admin/City/GetAll - - - 500 - application/json 37.8925ms
2024-06-27 00:01:31.728 +04:00  INF  Request starting HTTP/2 POST https://localhost:7114/api/admin/City/Create application/json 60
2024-06-27 00:01:31.729 +04:00  INF  Executing endpoint 'App.Controllers.Admin.CityController.Create (AppApiArchitecture)'
2024-06-27 00:01:31.743 +04:00  INF  Route matched with {action = "Create", controller = "City"}. Executing controller action with signature System.Threading.Tasks.Task`1[Microsoft.AspNetCore.Mvc.IActionResult] Create(Services.DTOs.Admin.Cities.CityCreateDto) on controller App.Controllers.Admin.CityController (AppApiArchitecture).
2024-06-27 00:01:31.749 +04:00  INF  Entity Framework Core 6.0.31 initialized 'AppDbContext' using provider 'Microsoft.EntityFrameworkCore.SqlServer:6.0.31' with options: None
2024-06-27 00:01:31.857 +04:00  INF  Executed DbCommand (27ms) [Parameters=[@__id_0='?' (DbType = Int32)], CommandType='"Text"', CommandTimeout='30']
SELECT TOP(1) [c].[Id], [c].[CreatedDate], [c].[Name], [c].[SoftDelete]
FROM [Countries] AS [c]
WHERE [c].[Id] = @__id_0
2024-06-27 00:01:31.976 +04:00  INF  Executed DbCommand (8ms) [Parameters=[@p0='?' (DbType = Int32), @p1='?' (DbType = DateTime2), @p2='?' (Size = 4000), @p3='?' (DbType = Int32), @p4='?' (DbType = Boolean)], CommandType='"Text"', CommandTimeout='30']
SET NOCOUNT ON;
INSERT INTO [Cities] ([CountryId], [CreatedDate], [Name], [Population], [SoftDelete])
VALUES (@p0, @p1, @p2, @p3, @p4);
SELECT [Id]
FROM [Cities]
WHERE @@ROWCOUNT = 1 AND [Id] = scope_identity();
2024-06-27 00:01:32.003 +04:00  INF  Executing CreatedAtActionResult, writing value of type '<>f__AnonymousType0`1[[System.String, System.Private.CoreLib, Version=6.0.0.0, Culture=neutral, PublicKeyToken=7cec85d7bea7798e]]'.
2024-06-27 00:01:32.020 +04:00  INF  Executed action App.Controllers.Admin.CityController.Create (AppApiArchitecture) in 277.0969ms
2024-06-27 00:01:32.020 +04:00  INF  Executed endpoint 'App.Controllers.Admin.CityController.Create (AppApiArchitecture)'
2024-06-27 00:01:32.020 +04:00  INF  Request finished HTTP/2 POST https://localhost:7114/api/admin/City/Create application/json 60 - 201 - application/json;+charset=utf-8 292.0985ms
2024-06-27 00:01:37.443 +04:00  INF  Request starting HTTP/2 GET https://localhost:7114/api/admin/City/GetAll - -
2024-06-27 00:01:37.444 +04:00  INF  Executing endpoint 'App.Controllers.Admin.CityController.GetAll (AppApiArchitecture)'
2024-06-27 00:01:37.444 +04:00  INF  Route matched with {action = "GetAll", controller = "City"}. Executing controller action with signature System.Threading.Tasks.Task`1[Microsoft.AspNetCore.Mvc.IActionResult] GetAll() on controller App.Controllers.Admin.CityController (AppApiArchitecture).
2024-06-27 00:01:37.446 +04:00  INF  Entity Framework Core 6.0.31 initialized 'AppDbContext' using provider 'Microsoft.EntityFrameworkCore.SqlServer:6.0.31' with options: None
2024-06-27 00:01:37.447 +04:00  INF  Executed action App.Controllers.Admin.CityController.GetAll (AppApiArchitecture) in 3.3345ms
2024-06-27 00:01:37.447 +04:00  INF  Executed endpoint 'App.Controllers.Admin.CityController.GetAll (AppApiArchitecture)'
2024-06-27 00:01:37.447 +04:00  ERR  Object reference not set to an instance of an object.
2024-06-27 00:01:37.448 +04:00  INF  Request finished HTTP/2 GET https://localhost:7114/api/admin/City/GetAll - - - 500 - application/json 4.2182ms
2024-06-27 00:02:15.919 +04:00  INF  Request starting HTTP/2 GET https://localhost:7114/api/admin/City/GetById/1 - -
2024-06-27 00:02:15.920 +04:00  INF  Executing endpoint 'App.Controllers.Admin.CityController.GetById (AppApiArchitecture)'
2024-06-27 00:02:15.923 +04:00  INF  Route matched with {action = "GetById", controller = "City"}. Executing controller action with signature System.Threading.Tasks.Task`1[Microsoft.AspNetCore.Mvc.IActionResult] GetById(Int32) on controller App.Controllers.Admin.CityController (AppApiArchitecture).
2024-06-27 00:02:15.924 +04:00  INF  Entity Framework Core 6.0.31 initialized 'AppDbContext' using provider 'Microsoft.EntityFrameworkCore.SqlServer:6.0.31' with options: None
2024-06-27 00:02:15.982 +04:00  INF  Executed DbCommand (7ms) [Parameters=[@__id_0='?' (DbType = Int32)], CommandType='"Text"', CommandTimeout='30']
SELECT TOP(1) [c].[Id], [c].[CountryId], [c].[CreatedDate], [c].[Name], [c].[Population], [c].[SoftDelete], [c0].[Id], [c0].[CreatedDate], [c0].[Name], [c0].[SoftDelete]
FROM [Cities] AS [c]
INNER JOIN [Countries] AS [c0] ON [c].[CountryId] = [c0].[Id]
WHERE [c].[Id] = @__id_0
2024-06-27 00:02:15.994 +04:00  INF  Executing OkObjectResult, writing value of type 'Services.DTOs.Admin.Cities.CityDto'.
2024-06-27 00:02:15.995 +04:00  INF  Executed action App.Controllers.Admin.CityController.GetById (AppApiArchitecture) in 71.4643ms
2024-06-27 00:02:15.995 +04:00  INF  Executed endpoint 'App.Controllers.Admin.CityController.GetById (AppApiArchitecture)'
2024-06-27 00:02:15.995 +04:00  INF  Request finished HTTP/2 GET https://localhost:7114/api/admin/City/GetById/1 - - - 200 - application/json;+charset=utf-8 75.9940ms
2024-06-27 00:02:42.179 +04:00  INF  Request starting HTTP/2 GET https://localhost:7114/api/admin/City/GetByName?name=Baki - -
2024-06-27 00:02:42.179 +04:00  INF  Executing endpoint 'App.Controllers.Admin.CityController.GetByName (AppApiArchitecture)'
2024-06-27 00:02:42.182 +04:00  INF  Route matched with {action = "GetByName", controller = "City"}. Executing controller action with signature System.Threading.Tasks.Task`1[Microsoft.AspNetCore.Mvc.IActionResult] GetByName(System.String) on controller App.Controllers.Admin.CityController (AppApiArchitecture).
2024-06-27 00:02:42.182 +04:00  INF  Entity Framework Core 6.0.31 initialized 'AppDbContext' using provider 'Microsoft.EntityFrameworkCore.SqlServer:6.0.31' with options: None
2024-06-27 00:02:42.207 +04:00  INF  Executed DbCommand (12ms) [Parameters=[@__name_0='?' (Size = 4000)], CommandType='"Text"', CommandTimeout='30']
SELECT TOP(1) [c].[Id], [c].[CountryId], [c].[CreatedDate], [c].[Name], [c].[Population], [c].[SoftDelete], [c0].[Id], [c0].[CreatedDate], [c0].[Name], [c0].[SoftDelete]
FROM [Cities] AS [c]
INNER JOIN [Countries] AS [c0] ON [c].[CountryId] = [c0].[Id]
WHERE [c].[Name] = @__name_0
2024-06-27 00:02:42.207 +04:00  INF  Executing OkObjectResult, writing value of type 'Services.DTOs.Admin.Cities.CityDto'.
2024-06-27 00:02:42.207 +04:00  INF  Executed action App.Controllers.Admin.CityController.GetByName (AppApiArchitecture) in 25.6059ms
2024-06-27 00:02:42.207 +04:00  INF  Executed endpoint 'App.Controllers.Admin.CityController.GetByName (AppApiArchitecture)'
2024-06-27 00:02:42.208 +04:00  INF  Request finished HTTP/2 GET https://localhost:7114/api/admin/City/GetByName?name=Baki - - - 200 - application/json;+charset=utf-8 28.4918ms
2024-06-27 00:03:23.582 +04:00  INF  Now listening on: https://localhost:7114
2024-06-27 00:03:23.601 +04:00  INF  Now listening on: http://localhost:5279
2024-06-27 00:03:23.603 +04:00  INF  Application started. Press Ctrl+C to shut down.
2024-06-27 00:03:23.604 +04:00  INF  Hosting environment: Development
2024-06-27 00:03:23.604 +04:00  INF  Content root path: C:\Users\Hp\Desktop\API-Logger-SeriLog\App\
2024-06-27 00:03:24.798 +04:00  INF  Request starting HTTP/2 GET https://localhost:7114/swagger/index.html - -
2024-06-27 00:03:24.944 +04:00  INF  Request finished HTTP/2 GET https://localhost:7114/swagger/index.html - - - 200 - text/html;charset=utf-8 147.9522ms
2024-06-27 00:03:24.953 +04:00  INF  Request starting HTTP/2 GET https://localhost:7114/_framework/aspnetcore-browser-refresh.js - -
2024-06-27 00:03:24.953 +04:00  INF  Request starting HTTP/2 GET https://localhost:7114/_vs/browserLink - -
2024-06-27 00:03:24.956 +04:00  INF  Request finished HTTP/2 GET https://localhost:7114/_framework/aspnetcore-browser-refresh.js - - - 200 12006 application/javascript;+charset=utf-8 1.9740ms
2024-06-27 00:03:24.980 +04:00  INF  Request finished HTTP/2 GET https://localhost:7114/_vs/browserLink - - - 200 - text/javascript;+charset=UTF-8 26.3602ms
2024-06-27 00:03:25.089 +04:00  INF  Request starting HTTP/2 GET https://localhost:7114/swagger/v1/swagger.json - -
2024-06-27 00:03:25.165 +04:00  INF  Request finished HTTP/2 GET https://localhost:7114/swagger/v1/swagger.json - - - 200 - application/json;charset=utf-8 75.3553ms
